20:09:37.943 [main] DEBUG org.apache.poi.openxml4j.opc.PackageRelationshipCollection - Parsing relationship: /_rels/.rels
20:09:37.985 [main] DEBUG org.apache.poi.openxml4j.opc.PackageRelationshipCollection - Parsing relationship: /xl/_rels/workbook.xml.rels
20:09:37.986 [main] DEBUG org.apache.poi.openxml4j.opc.PackageRelationshipCollection - Parsing relationship: /xl/worksheets/_rels/sheet1.xml.rels
20:09:37.988 [main] DEBUG org.apache.poi.openxml4j.opc.PackageRelationshipCollection - Parsing relationship: /_rels/.rels
20:09:38.015 [main] DEBUG org.apache.poi.openxml4j.opc.PackageRelationshipCollection - Parsing relationship: /xl/_rels/workbook.xml.rels
20:09:38.021 [main] DEBUG org.apache.poi.openxml4j.opc.PackageRelationshipCollection - Parsing relationship: /xl/worksheets/_rels/sheet1.xml.rels
20:09:38.026 [main] DEBUG org.apache.poi.openxml4j.opc.PackageRelationshipCollection - Parsing relationship: /_rels/.rels
20:09:38.055 [main] DEBUG org.apache.poi.openxml4j.opc.PackageRelationshipCollection - Parsing relationship: /xl/_rels/workbook.xml.rels
20:09:38.056 [main] DEBUG org.apache.poi.openxml4j.opc.PackageRelationshipCollection - Parsing relationship: /xl/worksheets/_rels/sheet1.xml.rels
20:09:38.058 [main] DEBUG org.apache.poi.openxml4j.opc.PackageRelationshipCollection - Parsing relationship: /_rels/.rels
20:09:38.120 [main] DEBUG org.apache.poi.openxml4j.opc.PackageRelationshipCollection - Parsing relationship: /xl/_rels/workbook.xml.rels
20:09:38.121 [main] DEBUG org.apache.poi.openxml4j.opc.PackageRelationshipCollection - Parsing relationship: /xl/worksheets/_rels/sheet1.xml.rels
20:09:38.123 [main] DEBUG org.apache.poi.openxml4j.opc.PackageRelationshipCollection - Parsing relationship: /_rels/.rels
20:09:38.169 [main] INFO  testCases.TC001_LoginDDT - *** Starting TC001_LoginDDT ****
20:09:40.484 [main] INFO  testCases.TC001_LoginDDT - *** Ending TC001_LoginDDT ****
20:09:40.525 [main] INFO  testCases.TC001_LoginDDT - *** Starting TC001_LoginDDT ****
20:09:52.338 [main] INFO  testCases.TC001_LoginDDT - *** Ending TC001_LoginDDT ****
20:09:52.348 [main] INFO  testCases.TC001_LoginDDT - *** Starting TC001_LoginDDT ****
20:10:04.115 [main] INFO  testCases.TC001_LoginDDT - *** Ending TC001_LoginDDT ****
20:10:04.123 [main] INFO  testCases.TC001_LoginDDT - *** Starting TC001_LoginDDT ****
20:10:18.133 [main] INFO  testCases.TC001_LoginDDT - *** Ending TC001_LoginDDT ****
20:10:18.142 [main] INFO  testCases.TC001_LoginDDT - *** Starting TC001_LoginDDT ****
20:18:30.374 [main] INFO  testCases.TC001_AccountRegistrationTest - *** Started TC001_AccountRegistrationTest ***
20:18:30.565 [main] INFO  testCases.TC001_AccountRegistrationTest - Clicked on My Account link
20:18:31.315 [main] INFO  testCases.TC001_AccountRegistrationTest - Clicked on My Registration link
20:18:31.337 [main] INFO  testCases.TC001_AccountRegistrationTest - Provide Registration Information
20:18:33.180 [main] INFO  testCases.TC001_AccountRegistrationTest - validate Expected Msg
20:18:33.269 [main] INFO  testCases.TC001_AccountRegistrationTest - *** Finished TC001_AccountRegistrationTest*** 
20:18:36.260 [main] INFO  testCases.TC002_LoginTest - *** TC002_LoginTest Started ***
20:18:36.263 [main] INFO  testCases.TC002_LoginTest - Click on My Account Page
20:18:36.396 [main] INFO  testCases.TC002_LoginTest - Click On Login
20:18:36.767 [main] INFO  testCases.TC002_LoginTest - Login page opens
20:18:37.173 [main] INFO  testCases.TC002_LoginTest - Check if Account page is displayed or not
20:18:38.078 [main] INFO  testCases.TC002_LoginTest - *** TC002_LoginTest Finished ***
20:23:22.131 [main] INFO  testCases.TC001_AccountRegistrationTest - *** Started TC001_AccountRegistrationTest ***
20:23:22.588 [main] INFO  testCases.TC001_AccountRegistrationTest - Clicked on My Account link
20:23:23.224 [main] INFO  testCases.TC001_AccountRegistrationTest - Clicked on My Registration link
20:23:23.229 [main] INFO  testCases.TC001_AccountRegistrationTest - Provide Registration Information
20:23:25.246 [main] INFO  testCases.TC001_AccountRegistrationTest - validate Expected Msg
20:23:25.321 [main] INFO  testCases.TC001_AccountRegistrationTest - *** Finished TC001_AccountRegistrationTest*** 
20:23:29.518 [main] INFO  testCases.TC002_LoginTest - *** TC002_LoginTest Started ***
20:23:29.518 [main] INFO  testCases.TC002_LoginTest - Click on My Account Page
20:23:29.686 [main] INFO  testCases.TC002_LoginTest - Click On Login
20:23:30.084 [main] INFO  testCases.TC002_LoginTest - Login page opens
20:23:30.583 [main] INFO  testCases.TC002_LoginTest - Check if Account page is displayed or not
20:33:12.415 [main] INFO  testCases.TC001_AccountRegistrationTest - *** Started TC001_AccountRegistrationTest ***
20:33:12.611 [main] INFO  testCases.TC001_AccountRegistrationTest - Clicked on My Account link
20:33:13.579 [main] INFO  testCases.TC001_AccountRegistrationTest - Clicked on My Registration link
20:33:13.584 [main] INFO  testCases.TC001_AccountRegistrationTest - Provide Registration Information
